
> nextn@0.1.0 start
> next start

   ▲ Next.js 15.2.3
   - Local:        http://localhost:3000
   - Network:      http://10.255.255.254:3000

 ✓ Starting...
 ✓ Ready in 10.5s
[RETIREMENT_PUT] Error [PrismaClientValidationError]: 
Invalid `prisma.retirementRequest.update()` invocation:

{
  where: {
    id: "cmd4k2k5g0001e6097aq1c9uk"
  },
  data: {
    status: "Pending HRMO/HHRMD Review",
    reviewStage: "initial",
    rejectionReason: null,
    reviewedById: "cmd06nnbn000le67wtg41s3su",
    retirementType: "compulsory",
    proposedDate: "2026-02-05",
                  ~~~~~~~~~~~~
    illnessDescription: null,
    delayReason: "sawa",
    documents: [
      "Letter of Request",
      "Delay Document"
    ]
  },
  include: {
    employee: {
      select: {
        name: true,
        zanId: true,
        department: true,
        cadre: true,
        employmentDate: true,
        dateOfBirth: true,
        institution: {
          select: {
            name: true
          }
        },
        payrollNumber: true,
        zssfNumber: true
      }
    },
    submittedBy: {
      select: {
        name: true,
        role: true
      }
    },
    reviewedBy: {
      select: {
        name: true,
        role: true
      }
    }
  }
}

Invalid value for argument `proposedDate`: premature end of input. Expected ISO-8601 DateTime.
    at async l (.next/server/app/api/retirement/[id]/route.js:1:1086) {
  clientVersion: '6.11.1'
}
