
> nextn@0.1.0 dev
> next dev -p 9002 -p 9002

   ▲ Next.js 15.2.3
   - Local:        http://localhost:9002
   - Network:      http://10.255.255.254:9002
   - Environments: .env

 ✓ Starting...
 ✓ Ready in 13.7s
 ○ Compiling /api/termination ...
 ✓ Compiled /api/termination in 1557ms (412 modules)
 GET /api/notifications?userId=cmd06nnbn000le67wtg41s3su 200 in 2386ms
 GET /api/termination?userId=cmd06nnbn000le67wtg41s3su&userRole=HRO&userInstitutionId=cmd06nn7n0001e67w2h5rf86x 200 in 2386ms
 GET /api/notifications?userId=cmd059ir10002e6d86l802ljc 200 in 149ms
 GET /api/notifications?userId=cmd06nnbb000be67wwgil78yv 200 in 114ms
 ○ Compiling /dashboard/track-status ...
 ✓ Compiled /dashboard/track-status in 9.8s (1633 modules)
 GET /api/notifications?userId=cmd06nnbn000le67wtg41s3su 200 in 2432ms
 GET /dashboard/track-status 200 in 11063ms
 ✓ Compiled in 1221ms (729 modules)
 ✓ Compiled /favicon.ico in 380ms (906 modules)
 GET /favicon.ico 200 in 912ms
 ○ Compiling / ...
 ✓ Compiled / in 783ms (1628 modules)
 GET / 200 in 1036ms
 ○ Compiling /login ...
 ✓ Compiled /login in 1215ms (1653 modules)
 GET /login 200 in 1620ms
 GET /login 200 in 128ms
 ○ Compiling /api/auth/login ...
 ✓ Compiled /api/auth/login in 613ms (1658 modules)
 POST /api/auth/login 200 in 999ms
 ○ Compiling /dashboard ...
 ✓ Compiled /dashboard in 692ms (1669 modules)
 GET /dashboard 200 in 947ms
 ○ Compiling /api/dashboard/summary ...
 ✓ Compiled /api/dashboard/summary in 944ms (1680 modules)
 GET /api/notifications?userId=cmd06nnbn000le67wtg41s3su 200 in 1142ms
 GET /api/employees/urgent-actions?userInstitutionId=cmd06nn7n0001e67w2h5rf86x 200 in 1269ms
 GET /api/dashboard/summary 200 in 1285ms
 GET /api/notifications?userId=cmd06nnbn000le67wtg41s3su 200 in 214ms
 ○ Compiling /dashboard/termination ...
 ✓ Compiled /dashboard/termination in 1216ms (1699 modules)
 GET /dashboard/termination 200 in 1498ms
 ✓ Compiled /api/termination in 390ms (963 modules)
 GET /api/termination?userId=cmd06nnbn000le67wtg41s3su&userRole=HRO&userInstitutionId=cmd06nn7n0001e67w2h5rf86x 200 in 595ms
 GET /api/termination?userId=cmd06nnbn000le67wtg41s3su&userRole=HRO&userInstitutionId=cmd06nn7n0001e67w2h5rf86x 200 in 73ms
 GET /api/notifications?userId=cmd059ir10002e6d86l802ljc 200 in 152ms
 GET /api/notifications?userId=cmd06nnbb000be67wwgil78yv 200 in 226ms
 ○ Compiling /dashboard/profile ...
 ✓ Compiled /dashboard/profile in 1040ms (1718 modules)
 GET /dashboard/profile 200 in 1405ms
 ○ Compiling /api/employees ...
 ✓ Compiled /api/employees in 572ms (1720 modules)
 GET /api/employees?userRole=HRO&userInstitutionId=cmd06nn7n0001e67w2h5rf86x&q= 200 in 781ms
 GET /api/employees?userRole=HRO&userInstitutionId=cmd06nn7n0001e67w2h5rf86x&q= 200 in 99ms
 GET /api/notifications?userId=cmd06nnbn000le67wtg41s3su 200 in 163ms
 GET /dashboard/termination 200 in 288ms
 GET /api/termination?userId=cmd06nnbn000le67wtg41s3su&userRole=HRO&userInstitutionId=cmd06nn7n0001e67w2h5rf86x 200 in 93ms
 GET /api/termination?userId=cmd06nnbn000le67wtg41s3su&userRole=HRO&userInstitutionId=cmd06nn7n0001e67w2h5rf86x 200 in 113ms
 GET /api/notifications?userId=cmd059ir10002e6d86l802ljc 200 in 87ms
 ○ Compiling /api/employees/search ...
 ✓ Compiled /api/employees/search in 697ms (1503 modules)
 GET /api/employees/search?zanId=1907880050 200 in 1039ms
 GET /api/notifications?userId=cmd06nnbb000be67wwgil78yv 200 in 136ms
 POST /api/termination 201 in 182ms
 GET /api/termination?userId=cmd06nnbn000le67wtg41s3su&userRole=HRO&userInstitutionId=cmd06nn7n0001e67w2h5rf86x 200 in 100ms
 GET /api/notifications?userId=cmd06nnbn000le67wtg41s3su 200 in 112ms
 GET /api/notifications?userId=cmd059ir10002e6d86l802ljc 200 in 147ms
 GET /api/notifications?userId=cmd06nnbb000be67wwgil78yv 200 in 120ms
 GET /api/notifications?userId=cmd06nnbn000le67wtg41s3su 200 in 129ms
 GET /api/notifications?userId=cmd059ir10002e6d86l802ljc 200 in 139ms
 GET /api/notifications?userId=cmd06nnbb000be67wwgil78yv 200 in 97ms
 GET /api/notifications?userId=cmd06nnbn000le67wtg41s3su 200 in 118ms
 GET /api/notifications?userId=cmd059ir10002e6d86l802ljc 200 in 227ms
 GET /api/notifications?userId=cmd06nnbb000be67wwgil78yv 200 in 89ms
 GET /api/notifications?userId=cmd06nnbn000le67wtg41s3su 200 in 135ms
 GET /api/notifications?userId=cmd059ir10002e6d86l802ljc 200 in 108ms
 GET /api/notifications?userId=cmd06nnbb000be67wwgil78yv 200 in 73ms
 GET /api/notifications?userId=cmd06nnbn000le67wtg41s3su 200 in 116ms
 GET /api/notifications?userId=cmd059ir10002e6d86l802ljc 200 in 258ms
 GET /api/notifications?userId=cmd06nnbb000be67wwgil78yv 200 in 113ms
 GET /api/notifications?userId=cmd059ir10002e6d86l802ljc 200 in 139ms
 GET /api/notifications?userId=cmd06nnbb000be67wwgil78yv 200 in 151ms
 GET /api/notifications?userId=cmd06nnbn000le67wtg41s3su 200 in 184ms
 GET /api/notifications?userId=cmd059ir10002e6d86l802ljc 200 in 108ms
 GET /api/notifications?userId=cmd06nnbb000be67wwgil78yv 200 in 252ms
 GET /api/notifications?userId=cmd06nnbn000le67wtg41s3su 200 in 274ms
 POST /api/termination 201 in 148ms
 GET /api/notifications?userId=cmd059ir10002e6d86l802ljc 200 in 120ms
 GET /api/notifications?userId=cmd06nnbn000le67wtg41s3su 200 in 180ms
 GET /api/notifications?userId=cmd06nnbb000be67wwgil78yv 200 in 293ms
 GET /api/notifications?userId=cmd059ir10002e6d86l802ljc 200 in 113ms
 GET /api/notifications?userId=cmd06nnbb000be67wwgil78yv 200 in 224ms
 GET /api/notifications?userId=cmd06nnbn000le67wtg41s3su 200 in 247ms
 POST /api/termination 201 in 132ms
 GET /api/termination?userId=cmd06nnbn000le67wtg41s3su&userRole=HRO&userInstitutionId=cmd06nn7n0001e67w2h5rf86x 200 in 118ms
 GET /api/notifications?userId=cmd059ir10002e6d86l802ljc 200 in 120ms
 GET /api/notifications?userId=cmd06nnbb000be67wwgil78yv 200 in 95ms
 GET /api/notifications?userId=cmd06nnbn000le67wtg41s3su 200 in 127ms
 GET /api/notifications?userId=cmd06nnbn000le67wtg41s3su 200 in 139ms
 GET /api/notifications?userId=cmd059ir10002e6d86l802ljc 200 in 87ms
 GET /api/notifications?userId=cmd06nnbb000be67wwgil78yv 200 in 153ms
 GET /dashboard/termination 200 in 428ms
 ✓ Compiled /api/termination in 504ms (754 modules)
 ✓ Compiled (756 modules)
 GET /api/termination?userId=cmd06nnbn000le67wtg41s3su&userRole=HRO&userInstitutionId=cmd06nn7n0001e67w2h5rf86x 200 in 924ms
 GET /api/notifications?userId=cmd06nnbn000le67wtg41s3su 200 in 925ms
 GET /favicon.ico 200 in 1112ms
 GET /api/termination?userId=cmd06nnbn000le67wtg41s3su&userRole=HRO&userInstitutionId=cmd06nn7n0001e67w2h5rf86x 200 in 182ms
 GET /api/notifications?userId=cmd06nnbn000le67wtg41s3su 200 in 211ms
 GET /favicon.ico 200 in 333ms
 GET /api/notifications?userId=cmd059ir10002e6d86l802ljc 200 in 221ms
 GET /api/notifications?userId=cmd06nnbb000be67wwgil78yv 200 in 120ms
 ✓ Compiled /api/employees/search in 403ms (758 modules)
 GET /api/employees/search?zanId=1905800010 200 in 607ms
 GET /dashboard/profile 200 in 303ms
 ✓ Compiled /api/employees in 294ms (760 modules)
 GET /api/employees?userRole=HRO&userInstitutionId=cmd06nn7n0001e67w2h5rf86x&q= 200 in 503ms
 GET /api/employees?userRole=HRO&userInstitutionId=cmd06nn7n0001e67w2h5rf86x&q= 200 in 126ms
 GET /dashboard/termination 200 in 370ms
 GET /api/termination?userId=cmd06nnbn000le67wtg41s3su&userRole=HRO&userInstitutionId=cmd06nn7n0001e67w2h5rf86x 200 in 169ms
 GET /api/termination?userId=cmd06nnbn000le67wtg41s3su&userRole=HRO&userInstitutionId=cmd06nn7n0001e67w2h5rf86x 200 in 99ms
 GET /api/notifications?userId=cmd06nnbn000le67wtg41s3su 200 in 136ms
 GET /api/employees/search?zanId=1905850030 200 in 138ms
 GET /api/notifications?userId=cmd059ir10002e6d86l802ljc 200 in 103ms
 GET /api/notifications?userId=cmd06nnbb000be67wwgil78yv 200 in 133ms
 ○ Compiling /dashboard/track-status ...
 ✓ Compiled /dashboard/track-status in 1641ms (954 modules)
 GET /dashboard/track-status 200 in 2149ms
 ○ Compiling /api/requests/track ...
 ✓ Compiled /api/requests/track in 706ms (1709 modules)
 GET /api/requests/track?institutionName=OFISI+YA+RAIS%2C+FEDHA+NA+MIPANGO 200 in 1032ms
 GET /api/requests/track?institutionName=OFISI+YA+RAIS%2C+FEDHA+NA+MIPANGO 200 in 104ms
 GET /api/requests/track?institutionName=OFISI+YA+RAIS%2C+FEDHA+NA+MIPANGO 200 in 103ms
 GET /api/notifications?userId=cmd06nnbn000le67wtg41s3su 200 in 201ms
 GET /dashboard/termination 200 in 232ms
 GET /api/termination?userId=cmd06nnbn000le67wtg41s3su&userRole=HRO&userInstitutionId=cmd06nn7n0001e67w2h5rf86x 200 in 158ms
 GET /api/termination?userId=cmd06nnbn000le67wtg41s3su&userRole=HRO&userInstitutionId=cmd06nn7n0001e67w2h5rf86x 200 in 86ms
 GET /api/notifications?userId=cmd059ir10002e6d86l802ljc 200 in 73ms
 GET /api/notifications?userId=cmd06nnbb000be67wwgil78yv 200 in 164ms
 GET /api/notifications?userId=cmd06nnbn000le67wtg41s3su 200 in 157ms
 GET /api/notifications?userId=cmd059ir10002e6d86l802ljc 200 in 140ms
 GET /api/notifications?userId=cmd06nnbb000be67wwgil78yv 200 in 70ms
 GET /api/notifications?userId=cmd06nnbn000le67wtg41s3su 200 in 99ms
 GET /api/notifications?userId=cmd059ir10002e6d86l802ljc 200 in 132ms
 GET /api/notifications?userId=cmd06nnbb000be67wwgil78yv 200 in 149ms
 GET /api/notifications?userId=cmd06nnbn000le67wtg41s3su 200 in 75ms
 GET /api/notifications?userId=cmd059ir10002e6d86l802ljc 200 in 176ms
 GET /api/notifications?userId=cmd06nnbb000be67wwgil78yv 200 in 133ms
 GET /api/notifications?userId=cmd06nnbn000le67wtg41s3su 200 in 151ms
 GET /api/notifications?userId=cmd059ir10002e6d86l802ljc 200 in 80ms
 GET /api/notifications?userId=cmd06nnbb000be67wwgil78yv 200 in 130ms
 GET /api/notifications?userId=cmd06nnbn000le67wtg41s3su 200 in 107ms
 GET /api/notifications?userId=cmd059ir10002e6d86l802ljc 200 in 133ms
 GET /api/notifications?userId=cmd06nnbb000be67wwgil78yv 200 in 67ms
 GET /api/notifications?userId=cmd06nnbn000le67wtg41s3su 200 in 81ms
 GET /api/notifications?userId=cmd059ir10002e6d86l802ljc 200 in 149ms
 GET /api/notifications?userId=cmd06nnbb000be67wwgil78yv 200 in 143ms
 GET /api/notifications?userId=cmd059ir10002e6d86l802ljc 200 in 80ms
 GET /api/notifications?userId=cmd06nnbb000be67wwgil78yv 200 in 158ms
 GET /api/notifications?userId=cmd06nnbn000le67wtg41s3su 200 in 182ms
 GET /api/notifications?userId=cmd059ir10002e6d86l802ljc 200 in 116ms
 GET /api/notifications?userId=cmd06nnbn000le67wtg41s3su 200 in 119ms
 GET /api/notifications?userId=cmd06nnbb000be67wwgil78yv 200 in 169ms
 GET /api/notifications?userId=cmd059ir10002e6d86l802ljc 200 in 137ms
 GET /api/notifications?userId=cmd06nnbb000be67wwgil78yv 200 in 178ms
 GET /api/notifications?userId=cmd06nnbn000le67wtg41s3su 200 in 206ms
 GET /api/notifications?userId=cmd059ir10002e6d86l802ljc 200 in 79ms
 GET /api/notifications?userId=cmd06nnbb000be67wwgil78yv 200 in 183ms
 GET /api/notifications?userId=cmd06nnbn000le67wtg41s3su 200 in 229ms
 GET /api/notifications?userId=cmd059ir10002e6d86l802ljc 200 in 140ms
 GET /api/notifications?userId=cmd06nnbn000le67wtg41s3su 200 in 194ms
 GET /api/notifications?userId=cmd06nnbb000be67wwgil78yv 200 in 243ms
 GET /api/notifications?userId=cmd059ir10002e6d86l802ljc 200 in 107ms
 GET /api/notifications?userId=cmd06nnbb000be67wwgil78yv 200 in 223ms
 GET /api/notifications?userId=cmd06nnbn000le67wtg41s3su 200 in 247ms
 GET /api/notifications?userId=cmd059ir10002e6d86l802ljc 200 in 144ms
 GET /api/notifications?userId=cmd06nnbb000be67wwgil78yv 200 in 153ms
 GET /api/notifications?userId=cmd06nnbn000le67wtg41s3su 200 in 178ms
 GET /api/notifications?userId=cmd06nnbn000le67wtg41s3su 200 in 121ms
 GET /api/notifications?userId=cmd059ir10002e6d86l802ljc 200 in 130ms
 GET /api/notifications?userId=cmd06nnbb000be67wwgil78yv 200 in 72ms
 GET /api/notifications?userId=cmd06nnbn000le67wtg41s3su 200 in 67ms
 GET /api/notifications?userId=cmd059ir10002e6d86l802ljc 200 in 74ms
 GET /api/notifications?userId=cmd06nnbb000be67wwgil78yv 200 in 136ms
 GET /api/notifications?userId=cmd059ir10002e6d86l802ljc 200 in 135ms
 GET /api/notifications?userId=cmd06nnbb000be67wwgil78yv 200 in 183ms
 GET /api/notifications?userId=cmd06nnbn000le67wtg41s3su 200 in 230ms
 GET /api/notifications?userId=cmd059ir10002e6d86l802ljc 200 in 73ms
 GET /api/notifications?userId=cmd06nnbb000be67wwgil78yv 200 in 224ms
 GET /api/notifications?userId=cmd06nnbn000le67wtg41s3su 200 in 251ms
 GET /api/notifications?userId=cmd059ir10002e6d86l802ljc 200 in 229ms
 GET /api/notifications?userId=cmd06nnbb000be67wwgil78yv 200 in 206ms
 GET /api/notifications?userId=cmd06nnbn000le67wtg41s3su 200 in 259ms
 GET /api/notifications?userId=cmd059ir10002e6d86l802ljc 200 in 121ms
 GET /api/notifications?userId=cmd06nnbb000be67wwgil78yv 200 in 179ms
 GET /api/notifications?userId=cmd06nnbn000le67wtg41s3su 200 in 229ms
 GET /api/notifications?userId=cmd059ir10002e6d86l802ljc 200 in 89ms
 GET /api/notifications?userId=cmd06nnbb000be67wwgil78yv 200 in 153ms
 GET /api/notifications?userId=cmd06nnbn000le67wtg41s3su 200 in 192ms
 GET /api/notifications?userId=cmd059ir10002e6d86l802ljc 200 in 71ms
 GET /api/notifications?userId=cmd06nnbb000be67wwgil78yv 200 in 175ms
 GET /api/notifications?userId=cmd06nnbn000le67wtg41s3su 200 in 221ms
